<?xml version="1.0" encoding="UTF-8"?>
<!-- Generated by org.testng.reporters.JUnitXMLReporter -->
<testsuite hostname="USBLRMANASAMG1" ignored="5" name="Test" tests="1" failures="0" timestamp="13 Aug 2019 05:59:22 GMT" time="15.7" errors="0">
  <testcase name="browserCommands" time="15.625" classname="Selenium.test.Test1"/>
  <testcase name="windowSwitchOperations" time="0.0" classname="Selenium.test.Test5">
    <ignored/>
  </testcase> <!-- windowSwitchOperations -->
  <testcase name="testNGAsserts" time="0.0" classname="Selenium.test.Test4">
    <ignored/>
  </testcase> <!-- testNGAsserts -->
  <testcase name="commonWebElementCommands" time="0.0" classname="Selenium.test.Test2">
    <ignored/>
  </testcase> <!-- commonWebElementCommands -->
  <testcase name="excelOperations" time="0.0" classname="Selenium.test.Test4">
    <ignored/>
  </testcase> <!-- excelOperations -->
  <testcase name="selectOperations" time="0.0" classname="Selenium.test.Test3">
    <ignored/>
  </testcase> <!-- selectOperations -->
</testsuite> <!-- Test -->
